<?xml version="1.0" encoding="UTF-8"?>
<!-- Generated by org.testng.reporters.JUnitReportReporter -->
<testsuite hostname="GAZI_AHMED" failures="0" tests="1" name="seleniumAssignmnet.ExcelFile" time="1.180" errors="0" timestamp="2021-10-08T13:11:46 IST" skipped="0">
  <testcase classname="seleniumAssignmnet.ExcelFile" name="readData" time="1.180"/>
  <system-out/>
</testsuite> <!-- seleniumAssignmnet.ExcelFile -->
