<?xml version="1.0" encoding="UTF-8"?>
<!-- Generated by org.testng.reporters.JUnitReportReporter -->
<testsuite hostname="GAZI_AHMED" failures="0" tests="1" name="seleniumAssignmnet.Scroll" time="13.701" errors="0" timestamp="2021-10-08T11:23:21 IST" skipped="0">
  <testcase classname="seleniumAssignmnet.Scroll" name="f" time="13.701"/>
  <system-out/>
</testsuite> <!-- seleniumAssignmnet.Scroll -->
