<?xml version="1.0" encoding="UTF-8"?>
<!-- Generated by org.testng.reporters.JUnitReportReporter -->
<testsuite hostname="GAZI_AHMED" failures="0" tests="1" name="seleniumAssignmnet.SwitchTab" time="20.322" errors="0" timestamp="2021-10-08T12:09:24 IST" skipped="0">
  <testcase classname="seleniumAssignmnet.SwitchTab" name="f" time="20.322"/>
  <system-out/>
</testsuite> <!-- seleniumAssignmnet.SwitchTab -->
