<?xml version="1.0" encoding="UTF-8"?>
<!-- Generated by org.testng.reporters.JUnitReportReporter -->
<testsuite hostname="GAZI_AHMED" failures="0" tests="1" name="seleniumAssignmnet.ReadingProperties" time="0.016" errors="0" timestamp="2021-10-08T11:55:28 IST" skipped="0">
  <testcase classname="seleniumAssignmnet.ReadingProperties" name="f" time="0.016"/>
  <system-out/>
</testsuite> <!-- seleniumAssignmnet.ReadingProperties -->
