<?xml version="1.0" encoding="UTF-8"?>
<!-- Generated by org.testng.reporters.JUnitReportReporter -->
<testsuite hostname="GAZI_AHMED" failures="0" tests="1" name="seleniumAssignmnet.Popup" time="76.915" errors="0" timestamp="2021-10-08T18:21:51 IST" skipped="0">
  <testcase classname="seleniumAssignmnet.Popup" name="f" time="76.915"/>
  <system-out/>
</testsuite> <!-- seleniumAssignmnet.Popup -->
