<?xml version="1.0" encoding="UTF-8"?>
<!-- Generated by org.testng.reporters.JUnitReportReporter -->
<testsuite hostname="GAZI_AHMED" failures="0" tests="1" name="seleniumAssignmnet.Size" time="7.987" errors="0" timestamp="2021-10-08T11:33:15 IST" skipped="0">
  <testcase classname="seleniumAssignmnet.Size" name="f" time="7.987"/>
  <system-out/>
</testsuite> <!-- seleniumAssignmnet.Size -->
