<?xml version="1.0" encoding="UTF-8"?>
<!-- Generated by org.testng.reporters.JUnitReportReporter -->
<testsuite hostname="GAZI_AHMED" failures="0" tests="1" name="seleniumAssignmnet.SendValue" time="0.924" errors="0" timestamp="2021-10-08T12:18:11 IST" skipped="0">
  <testcase classname="seleniumAssignmnet.SendValue" name="f" time="0.924"/>
  <system-out/>
</testsuite> <!-- seleniumAssignmnet.SendValue -->
