<?xml version="1.0" encoding="UTF-8"?>
<!-- Generated by org.testng.reporters.JUnitReportReporter -->
<testsuite hostname="GAZI_AHMED" failures="0" tests="1" name="seleniumAssignmnet.Google" time="8.406" errors="0" timestamp="2021-10-08T11:24:48 IST" skipped="0">
  <testcase classname="seleniumAssignmnet.Google" name="f" time="8.406"/>
  <system-out/>
</testsuite> <!-- seleniumAssignmnet.Google -->
