<?xml version="1.0" encoding="UTF-8"?>
<!-- Generated by org.testng.reporters.JUnitReportReporter -->
<testsuite hostname="GAZI_AHMED" failures="0" tests="1" name="seleniumAssignmnet.Screenshot" time="3.718" errors="0" timestamp="2021-10-08T12:05:16 IST" skipped="0">
  <testcase classname="seleniumAssignmnet.Screenshot" name="f" time="3.718"/>
  <system-out/>
</testsuite> <!-- seleniumAssignmnet.Screenshot -->
