<?xml version="1.0" encoding="UTF-8"?>
<!-- Generated by org.testng.reporters.JUnitReportReporter -->
<testsuite hostname="GAZI_AHMED" failures="0" tests="2" name="seleniumAssignmnet.Data" time="3.315" errors="0" timestamp="2021-10-08T13:36:25 IST" skipped="0">
  <testcase classname="seleniumAssignmnet.Data" name="f" time="1.049"/>
  <system-out/>
  <testcase classname="seleniumAssignmnet.Data" name="f" time="2.266"/>
  <system-out/>
</testsuite> <!-- seleniumAssignmnet.Data -->
