<?xml version="1.0" encoding="UTF-8"?>
<!-- Generated by org.testng.reporters.JUnitReportReporter -->
<testsuite hostname="GAZI_AHMED" failures="0" tests="1" name="Assignment.Assignment5" time="3.428" errors="0" timestamp="2021-10-12T21:46:11 IST" skipped="0">
  <testcase classname="Assignment.Assignment5" name="ValidateNegativeResponseCode" time="3.428"/>
  <system-out/>
</testsuite> <!-- Assignment.Assignment5 -->
