<?xml version="1.0" encoding="UTF-8"?>
<!-- Generated by org.testng.reporters.JUnitReportReporter -->
<testsuite hostname="GAZI_AHMED" failures="0" tests="3" name="Assignment.Assignment9" time="4.031" errors="0" timestamp="2021-10-12T22:04:53 IST" skipped="0">
  <testcase classname="Assignment.Assignment9" name="api_for_website" time="0.670"/>
  <system-out/>
  <testcase classname="Assignment.Assignment9" name="validate_status_code" time="0.645"/>
  <system-out/>
  <testcase classname="Assignment.Assignment9" name="performed_some_operation" time="2.716"/>
  <system-out/>
</testsuite> <!-- Assignment.Assignment9 -->
