<?xml version="1.0" encoding="UTF-8"?>
<!-- Generated by org.testng.reporters.JUnitReportReporter -->
<testsuite hostname="GAZI_AHMED" failures="0" tests="1" name="Assignment.Assignment1" time="2.581" errors="0" timestamp="2021-10-11T16:20:02 IST" skipped="0">
  <testcase classname="Assignment.Assignment1" name="post" time="2.581"/>
  <system-out/>
</testsuite> <!-- Assignment.Assignment1 -->
