<?xml version="1.0" encoding="UTF-8"?>
<!-- Generated by org.testng.reporters.JUnitReportReporter -->
<testsuite hostname="GAZI_AHMED" failures="0" tests="3" name="Practice.Test_Put" time="4.643" errors="0" timestamp="2021-10-11T11:31:11 IST" skipped="0">
  <testcase classname="Practice.Test_Put" name="test_delete" time="1.090"/>
  <system-out/>
  <testcase classname="Practice.Test_Put" name="test_patch" time="0.612"/>
  <system-out/>
  <testcase classname="Practice.Test_Put" name="test1_put" time="2.941"/>
  <system-out/>
</testsuite> <!-- Practice.Test_Put -->
