<?xml version="1.0" encoding="UTF-8"?>
<!-- Generated by org.testng.reporters.JUnitReportReporter -->
<testsuite hostname="GAZI_AHMED" failures="0" tests="1" name="Assignment.assignment3" time="2.034" errors="0" timestamp="2021-10-12T21:11:14 IST" skipped="0">
  <testcase classname="Assignment.assignment3" name="validateStatusCode" time="2.034"/>
  <system-out/>
</testsuite> <!-- Assignment.assignment3 -->
