<?xml version="1.0" encoding="UTF-8"?>
<!-- Generated by org.testng.reporters.JUnitReportReporter -->
<testsuite hostname="GAZI_AHMED" failures="0" tests="1" name="Practice.Test2" time="2.670" errors="0" timestamp="2021-10-08T02:00:10 IST" skipped="0">
  <testcase classname="Practice.Test2" name="test1" time="2.670"/>
  <system-out/>
</testsuite> <!-- Practice.Test2 -->
