<?xml version="1.0" encoding="UTF-8"?>
<!-- Generated by org.testng.reporters.JUnitReportReporter -->
<testsuite hostname="GAZI_AHMED" failures="0" tests="3" name="Assignment.Assignment6" time="3.374" errors="0" timestamp="2021-10-12T21:49:29 IST" skipped="0">
  <testcase classname="Assignment.Assignment6" name="posted_with_future_date_info" time="2.036"/>
  <system-out/>
  <testcase classname="Assignment.Assignment6" name="api_for_getting_response_code" time="0.717"/>
  <system-out/>
  <testcase classname="Assignment.Assignment6" name="validate_the_positive_response_code" time="0.621"/>
  <system-out/>
</testsuite> <!-- Assignment.Assignment6 -->
