<?xml version="1.0" encoding="UTF-8"?>
<!-- Generated by org.testng.reporters.JUnitReportReporter -->
<testsuite hostname="GAZI_AHMED" failures="0" tests="2" name="Practice.Test1" time="3.205" errors="0" timestamp="2021-10-08T01:32:47 IST" skipped="0">
  <testcase classname="Practice.Test1" name="test2" time="1.022"/>
  <system-out/>
  <testcase classname="Practice.Test1" name="test1" time="2.183"/>
  <system-out/>
</testsuite> <!-- Practice.Test1 -->
