<?xml version="1.0" encoding="UTF-8"?>
<!-- Generated by org.testng.reporters.JUnitReportReporter -->
<testsuite hostname="GAZI_AHMED" failures="0" tests="1" name="Practice.Test1_Post" time="2.983" errors="0" timestamp="2021-10-09T02:24:28 IST" skipped="0">
  <testcase classname="Practice.Test1_Post" name="test01_post" time="2.983"/>
  <system-out/>
</testsuite> <!-- Practice.Test1_Post -->
