<?xml version="1.0" encoding="UTF-8"?>
<!-- Generated by org.testng.reporters.JUnitReportReporter -->
<testsuite hostname="GAZI_AHMED" failures="0" tests="2" name="Assignment.Assignment8" time="3.622" errors="0" timestamp="2021-10-12T22:01:02 IST" skipped="0">
  <testcase classname="Assignment.Assignment8" name="PostData" time="2.982"/>
  <system-out/>
  <testcase classname="Assignment.Assignment8" name="PostData" time="0.640"/>
  <system-out/>
</testsuite> <!-- Assignment.Assignment8 -->
