<?xml version="1.0" encoding="UTF-8"?>
<!-- Generated by org.testng.reporters.JUnitReportReporter -->
<testsuite hostname="GAZI_AHMED" failures="0" tests="2" name="Practice.Test1_get" time="3.190" errors="0" timestamp="2021-10-09T01:42:37 IST" skipped="0">
  <testcase classname="Practice.Test1_get" name="test1" time="2.270"/>
  <system-out/>
  <testcase classname="Practice.Test1_get" name="test2" time="0.920"/>
  <system-out/>
</testsuite> <!-- Practice.Test1_get -->
