<?xml version="1.0" encoding="UTF-8"?>
<!-- Generated by org.testng.reporters.JUnitReportReporter -->
<testsuite hostname="GAZI_AHMED" failures="0" tests="1" name="Assignment.Assignment2" time="2.744" errors="0" timestamp="2021-10-12T20:57:20 IST" skipped="0">
  <testcase classname="Assignment.Assignment2" name="ValidateResponse" time="2.744"/>
  <system-out/>
</testsuite> <!-- Assignment.Assignment2 -->
